Arguments: 
  C:\Program Files\nodejs\node.exe C:\Users\THINK\AppData\Roaming\npm\node_modules\yarn\bin\yarn.js add babel-plugin-syntax-dynamic-import -D

PATH: 
  C:\ProgramData\Oracle\Java\javapath;C:\WINDOWS\system32;C:\WINDOWS;C:\WINDOWS\System32\Wbem;C:\WINDOWS\System32\WindowsPowerShell\v1.0\;C:\Program Files (x86)\Microsoft SQL Server\100\Tools\Binn\;C:\Program Files\Microsoft SQL Server\100\Tools\Binn\;C:\Program Files\Microsoft SQL Server\100\DTS\Binn\;C:\Program Files\Java\jdk1.8.0_112\bin;C:\Program Files\Java\jdk1.8.0_112\jre\bin;C:\Program Files (x86)\Microsoft SQL Server\Client SDK\ODBC\130\Tools\Binn\;C:\Program Files (x86)\Microsoft SQL Server\140\Tools\Binn\;C:\Program Files (x86)\Microsoft SQL Server\140\DTS\Binn\;C:\Program Files (x86)\Microsoft SQL Server\140\Tools\Binn\ManagementStudio\;C:\Program Files\nodejs\;C:\Program Files\Git\cmd;C:\Program Files\VisualSVN Server\bin;C:\Program Files\TortoiseSVN\bin;C:\WINDOWS\System32\OpenSSH\;C:\Program Files\Microsoft VS Code\bin;C:\Ruby24-x64\bin;C:\Ruby25-x64\bin;C:\Users\THINK\AppData\Local\Microsoft\WindowsApps;C:\Users\THINK\AppData\Roaming\npm;C:\Program Files\Microsoft VS Code\bin;C:\Users\THINK\AppData\Local\atom\bin

Yarn version: 
  1.9.4

Node version: 
  8.10.0

Platform: 
  win32 x64

Trace: 
  Error: connect ETIMEDOUT 104.16.17.35:443
      at Object._errnoException (util.js:1022:11)
      at _exceptionWithHostPort (util.js:1044:20)
      at TCPConnectWrap.afterConnect [as oncomplete] (net.js:1198:14)

npm manifest: 
  {
    "name": "my_todo",
    "version": "1.0.0",
    "description": "",
    "main": "index.js",
    "scripts": {
      "build:client": "cross-env NODE_ENV=production webpack --config build/webpack.config.client.js --mode development",
      "build": "rimraf dist && npm run build:client",
      "dev": "cross-env NODE_ENV=development webpack-dev-server --config build/webpack.config.client.js --mode development",
      "practice": "cross-env NODE_ENV=development webpack-dev-server --config build/webpack.config.practice.js --mode development",
      "test": "echo \"Error: no test specified\" && exit 1"
    },
    "author": "",
    "license": "ISC",
    "dependencies": {
      "vue": "^2.5.17",
      "vue-router": "^3.0.2",
      "vue-style-loader": "^4.1.2"
    },
    "devDependencies": {
      "autoprefixer": "^9.3.1",
      "babel-core": "^6.26.3",
      "babel-helper-vue-jsx-merge-props": "^2.0.0",
      "babel-loader": "^7.1.5",
      "babel-plugin-syntax-jsx": "^6.18.0",
      "babel-plugin-transform-vue-jsx": "^3.7.0",
      "babel-preset-env": "^1.7.0",
      "clean-webpack-plugin": "^1.0.0",
      "cross-env": "^5.2.0",
      "css-loader": "^1.0.1",
      "file-loader": "^2.0.0",
      "html-webpack-plugin": "^3.2.0",
      "less": "^3.8.1",
      "less-loader": "^4.1.0",
      "mini-css-extract-plugin": "^0.4.5",
      "optimize-css-assets-webpack-plugin": "^5.0.1",
      "postcss-loader": "^3.0.0",
      "rimraf": "^2.6.2",
      "style-loader": "^0.23.1",
      "uglifyjs-webpack-plugin": "^2.0.1",
      "url-loader": "^1.1.2",
      "vue-loader": "^15.4.2",
      "vue-template-compiler": "^2.5.17",
      "webpack": "^4.26.0",
      "webpack-cli": "^3.1.2",
      "webpack-dev-server": "^3.1.10",
      "webpack-merge": "^4.1.4"
    }
  }

yarn manifest: 
  No manifest

Lockfile: 
  No lockfile
